<?xml version="1.0" encoding="UTF-8"?>
<coverage generated="1788454861536" clover="3.2.0">
  <project timestamp="1788454861536" name="All files">
    <metrics statements="17" coveredstatements="17" conditionals="3" coveredconditionals="2" methods="3" coveredmethods="3" elements="23" coveredelements="22" complexity="0" loc="17" ncloc="17" packages="2" files="3" classes="3"/>
    <package name="features.marketplace.components">
      <metrics statements="7" coveredstatements="7" conditionals="3" coveredconditionals="2" methods="2" coveredmethods="2"/>
      <file name="product-card.tsx" path="/Volumes/Crucial X9/projects /project /viraasat/viraasat/frontend/src/features/marketplace/components/product-card.tsx">
        <metrics statements="7" coveredstatements="7" conditionals="3" coveredconditionals="2" methods="2" coveredmethods="2"/>
        <line num="1" count="1" type="stmt"/>
        <line num="2" count="1" type="stmt"/>
        <line num="4" count="1" type="stmt"/>
        <line num="6" count="1" type="stmt"/>
        <line num="7" count="1" type="stmt"/>
        <line num="14" count="2" type="cond" truecount="0" falsecount="1"/>
        <line num="15" count="6" type="stmt"/>
      </file>
    </package>
    <package name="lib">
      <metrics statements="10" coveredstatements="10" conditionals="0" coveredconditionals="0" methods="1" coveredmethods="1"/>
      <file name="data.ts" path="/Volumes/Crucial X9/projects /project /viraasat/viraasat/frontend/src/lib/data.ts">
        <metrics statements="6" coveredstatements="6" conditionals="0" coveredconditionals="0" methods="0" coveredmethods="0"/>
        <line num="3" count="1" type="stmt"/>
        <line num="30" count="2" type="stmt"/>
        <line num="78" count="1" type="stmt"/>
        <line num="707" count="1" type="stmt"/>
        <line num="808" count="1" type="stmt"/>
        <line num="817" count="1" type="stmt"/>
      </file>
      <file name="utils.ts" path="/Volumes/Crucial X9/projects /project /viraasat/viraasat/frontend/src/lib/utils.ts">
        <metrics statements="4" coveredstatements="4" conditionals="0" coveredconditionals="0" methods="1" coveredmethods="1"/>
        <line num="1" count="1" type="stmt"/>
        <line num="2" count="1" type="stmt"/>
        <line num="4" count="12" type="stmt"/>
        <line num="5" count="12" type="stmt"/>
      </file>
    </package>
  </project>
</coverage>
