{"/Volumes/Crucial X9/projects /project /viraasat/viraasat/frontend/src/features/marketplace/components/product-card.tsx": {"path":"/Volumes/Crucial X9/projects /project /viraasat/viraasat/frontend/src/features/marketplace/components/product-card.tsx","statementMap":{"0":{"start":{"line":14,"column":24},"end":{"line":14,"column":36}},"1":{"start":{"line":1,"column":18},"end":{"line":1,"column":null}},"2":{"start":{"line":2,"column":17},"end":{"line":2,"column":null}},"3":{"start":{"line":4,"column":19},"end":{"line":4,"column":null}},"4":{"start":{"line":6,"column":25},"end":{"line":6,"column":null}},"5":{"start":{"line":7,"column":19},"end":{"line":7,"column":null}},"6":{"start":{"line":15,"column":18},"end":{"line":15,"column":null}},"7":{"start":{"line":15,"column":37},"end":{"line":15,"column":63}}},"fnMap":{"0":{"name":"ProductCard","decl":{"start":{"line":14,"column":24},"end":{"line":14,"column":36}},"loc":{"start":{"line":14,"column":86},"end":{"line":55,"column":null}}},"1":{"name":"(anonymous_3)","decl":{"start":{"line":15,"column":32},"end":{"line":15,"column":37}},"loc":{"start":{"line":15,"column":37},"end":{"line":15,"column":63}}}},"branchMap":{"0":{"loc":{"start":{"line":14,"column":47},"end":{"line":14,"column":66}},"type":"default-arg","locations":[{"start":{"line":14,"column":57},"end":{"line":14,"column":66}}]},"1":{"loc":{"start":{"line":42,"column":43},"end":{"line":42,"column":null}},"type":"binary-expr","locations":[{"start":{"line":42,"column":43},"end":{"line":42,"column":64}},{"start":{"line":42,"column":64},"end":{"line":42,"column":null}}]}},"s":{"0":2,"1":1,"2":1,"3":1,"4":1,"5":1,"6":2,"7":6},"f":{"0":2,"1":6},"b":{"0":[0],"1":[2,2]}}
,"/Volumes/Crucial X9/projects /project /viraasat/viraasat/frontend/src/lib/data.ts": {"path":"/Volumes/Crucial X9/projects /project /viraasat/viraasat/frontend/src/lib/data.ts","statementMap":{"0":{"start":{"line":30,"column":13},"end":{"line":30,"column":35}},"1":{"start":{"line":808,"column":13},"end":{"line":808,"column":36}},"2":{"start":{"line":707,"column":13},"end":{"line":707,"column":31}},"3":{"start":{"line":78,"column":13},"end":{"line":78,"column":35}},"4":{"start":{"line":817,"column":13},"end":{"line":817,"column":33}},"5":{"start":{"line":3,"column":13},"end":{"line":3,"column":29}},"6":{"start":{"line":3,"column":29},"end":{"line":28,"column":null}},"7":{"start":{"line":30,"column":35},"end":{"line":76,"column":null}},"8":{"start":{"line":78,"column":35},"end":{"line":705,"column":null}},"9":{"start":{"line":707,"column":31},"end":{"line":806,"column":null}},"10":{"start":{"line":808,"column":36},"end":{"line":815,"column":null}},"11":{"start":{"line":817,"column":33},"end":{"line":824,"column":null}}},"fnMap":{},"branchMap":{},"s":{"0":2,"1":0,"2":0,"3":0,"4":0,"5":0,"6":1,"7":1,"8":1,"9":1,"10":1,"11":1},"f":{},"b":{}}
,"/Volumes/Crucial X9/projects /project /viraasat/viraasat/frontend/src/lib/utils.ts": {"path":"/Volumes/Crucial X9/projects /project /viraasat/viraasat/frontend/src/lib/utils.ts","statementMap":{"0":{"start":{"line":4,"column":16},"end":{"line":4,"column":19}},"1":{"start":{"line":1,"column":38},"end":{"line":1,"column":null}},"2":{"start":{"line":2,"column":24},"end":{"line":2,"column":null}},"3":{"start":{"line":5,"column":2},"end":{"line":5,"column":null}}},"fnMap":{"0":{"name":"cn","decl":{"start":{"line":4,"column":16},"end":{"line":4,"column":19}},"loc":{"start":{"line":4,"column":42},"end":{"line":6,"column":null}}}},"branchMap":{},"s":{"0":12,"1":1,"2":1,"3":12},"f":{"0":12},"b":{}}
}
