TN:
SF:src/features/marketplace/components/product-card.tsx
FN:14,ProductCard
FN:15,(anonymous_3)
FNF:2
FNH:2
FNDA:2,ProductCard
FNDA:6,(anonymous_3)
DA:1,1
DA:2,1
DA:4,1
DA:6,1
DA:7,1
DA:14,2
DA:15,6
LF:7
LH:7
BRDA:14,0,0,0
BRDA:42,1,0,2
BRDA:42,1,1,2
BRF:3
BRH:2
end_of_record
TN:
SF:src/lib/data.ts
FNF:0
FNH:0
DA:3,1
DA:30,2
DA:78,1
DA:707,1
DA:808,1
DA:817,1
LF:6
LH:6
BRF:0
BRH:0
end_of_record
TN:
SF:src/lib/utils.ts
FN:4,cn
FNF:1
FNH:1
FNDA:12,cn
DA:1,1
DA:2,1
DA:4,12
DA:5,12
LF:4
LH:4
BRF:0
BRH:0
end_of_record
